{
  "RSpec": {
    "coverage": {
      "C:/Users/carol/Desktop/teachable_report/app/services/reports/published_courses_report.rb": {
        "lines": [
          1,
          1,
          1,
          1,
          null,
          null,
          1,
          1,
          null,
          3,
          null,
          null,
          null,
          null,
          null,
          null,
          1,
          null,
          1,
          null,
          1,
          6,
          null,
          null,
          null,
          1,
          3,
          null,
          3,
          50,
          null,
          null,
          1,
          50,
          null,
          null,
          50,
          null,
          null,
          null,
          null,
          null
        ]
      },
      "C:/Users/carol/Desktop/teachable_report/app/services/teachable/client.rb": {
        "lines": [
          1,
          1,
          1,
          null,
          1,
          1,
          null,
          null,
          1,
          1,
          null,
          null,
          1,
          3,
          null,
          null,
          1,
          50,
          null,
          null,
          1,
          null,
          1,
          null,
          1,
          54,
          1,
          null,
          1,
          1,
          null,
          1,
          null,
          null,
          null,
          1,
          54,
          null,
          54,
          null,
          0,
          null,
          null,
          null
        ]
      }
    },
    "timestamp": 1770676919
  }
}
